<?xml version="1.0" encoding="UTF-8"?>
<testsuite xmlns:xsi="http://www.w3.org/2001/XMLSchema-instance" xsi:noNamespaceSchemaLocation="https://maven.apache.org/surefire/maven-surefire-plugin/xsd/surefire-test-report-3.0.xsd" version="3.0" name="ru.yandex.javacourse.model.EpicTest" time="0.044" tests="5" errors="0" skipped="0" failures="0">
  <properties>
[...]
</properties>
  <testcase name="shouldHaveDoneStatusWhenAllSubtasksDone" classname="ru.yandex.javacourse.model.EpicTest" time="0.027"/>
  <testcase name="shouldHaveNewStatusWhenAllSubtasksNew" classname="ru.yandex.javacourse.model.EpicTest" time="0.0"/>
  <testcase name="shouldHaveNewStatusWhenNoSubtasks" classname="ru.yandex.javacourse.model.EpicTest" time="0.0"/>
  <testcase name="shouldHaveInProgressStatusWhenOneSubtaskInProgress" classname="ru.yandex.javacourse.model.EpicTest" time="0.0"/>
  <testcase name="shouldHaveInProgressStatusWhenSubtasksMixed" classname="ru.yandex.javacourse.model.EpicTest" time="0.002"/>
</testsuite>